000 (6755446.000.000) 11/25 06:54:24 Job submitted from host: <188.185.71.142:9618?addrs=188.185.71.142-9618+[2001-1458-d00-7--100-388]-9618&alias=bigbird09.cern.ch&noUDP&sock=schedd_1971_8541_66>
...
040 (6755446.000.000) 11/25 07:10:11 Started transferring input files
	Transferring to host: <188.184.254.29:9618?addrs=188.184.254.29-9618+[2001-1458-301-8--100-27]-9618&noUDP&sock=24275_aef4_108061>
...
040 (6755446.000.000) 11/25 07:10:11 Finished transferring input files
...
001 (6755446.000.000) 11/25 07:10:12 Job executing on host: <188.184.254.29:9618?addrs=188.184.254.29-9618+[2001-1458-301-8--100-27]-9618&noUDP&sock=5614_50c6_3>
...
006 (6755446.000.000) 11/25 07:10:16 Image size of job updated: 1
	0  -  MemoryUsage of job (MB)
	0  -  ResidentSetSize of job (KB)
...
040 (6755446.000.000) 11/25 07:10:16 Started transferring output files
...
040 (6755446.000.000) 11/25 07:10:16 Finished transferring output files
...
005 (6755446.000.000) 11/25 07:10:16 Job terminated.
	(1) Normal termination (return value 1)
		Usr 0 00:00:01, Sys 0 00:00:00  -  Run Remote Usage
		Usr 0 00:00:00, Sys 0 00:00:00  -  Run Local Usage
		Usr 0 00:00:01, Sys 0 00:00:00  -  Total Remote Usage
		Usr 0 00:00:00, Sys 0 00:00:00  -  Total Local Usage
	1942  -  Run Bytes Sent By Job
	6324  -  Run Bytes Received By Job
	1942  -  Total Bytes Sent By Job
	6324  -  Total Bytes Received By Job
	Partitionable Resources :    Usage  Request Allocated 
	   Cpus                 :        0        3         3 
	   Disk (KB)            :       35       10    308913 
	   Memory (MB)          :        0     6144      6200 
...
