000 (6762184.000.000) 11/25 21:22:32 Job submitted from host: <188.185.71.142:9618?addrs=188.185.71.142-9618+[2001-1458-d00-7--100-388]-9618&alias=bigbird09.cern.ch&noUDP&sock=schedd_1971_8541_66>
...
040 (6762184.000.000) 11/25 21:24:14 Started transferring input files
	Transferring to host: <128.142.126.183:9618?addrs=128.142.126.183-9618+[2001-1458-301-c3--100-1ca]-9618&noUDP&sock=2229_4834_42356>
...
040 (6762184.000.000) 11/25 21:24:14 Finished transferring input files
...
001 (6762184.000.000) 11/25 21:24:15 Job executing on host: <128.142.126.183:9618?addrs=128.142.126.183-9618+[2001-1458-301-c3--100-1ca]-9618&noUDP&sock=2011_f50b_3>
...
006 (6762184.000.000) 11/25 21:24:23 Image size of job updated: 572
	1  -  MemoryUsage of job (MB)
	572  -  ResidentSetSize of job (KB)
...
006 (6762184.000.000) 11/25 21:27:57 Image size of job updated: 510752
	1  -  MemoryUsage of job (MB)
	572  -  ResidentSetSize of job (KB)
...
040 (6762184.000.000) 11/25 21:27:57 Started transferring output files
...
040 (6762184.000.000) 11/25 21:27:57 Finished transferring output files
...
005 (6762184.000.000) 11/25 21:27:57 Job terminated.
	(1) Normal termination (return value 1)
		Usr 0 00:00:02, Sys 0 00:00:00  -  Run Remote Usage
		Usr 0 00:00:00, Sys 0 00:00:00  -  Run Local Usage
		Usr 0 00:00:02, Sys 0 00:00:00  -  Total Remote Usage
		Usr 0 00:00:00, Sys 0 00:00:00  -  Total Local Usage
	1941  -  Run Bytes Sent By Job
	6324  -  Run Bytes Received By Job
	1941  -  Total Bytes Sent By Job
	6324  -  Total Bytes Received By Job
	Partitionable Resources :    Usage  Request Allocated 
	   Cpus                 :     0.00        1         1 
	   Disk (KB)            :    35          10    210863 
	   Memory (MB)          :     1        2000      2000 
...
