Working directory: /afs/cern.ch/user/s/shdutta/public/ServiceTask/PhotonIdTuning/merged/AllPV/PF/Trainner/bar
Moved to working directory.
sourced
/afs/cern.ch/user/s/shdutta/public/ServiceTask/PhotonIdTuning/merged/AllPV/PF/Trainner/bar
/pool/condor/dir_23884
Proxy info:
subject   : /DC=ch/DC=cern/OU=Organic Units/OU=Users/CN=shdutta/CN=842253/CN=Shubham Dutta/CN=1026932823
issuer    : /DC=ch/DC=cern/OU=Organic Units/OU=Users/CN=shdutta/CN=842253/CN=Shubham Dutta
identity  : /DC=ch/DC=cern/OU=Organic Units/OU=Users/CN=shdutta/CN=842253/CN=Shubham Dutta
type      : RFC3820 compliant impersonation proxy
strength  : 2048
path      : /afs/cern.ch/user/s/shdutta/proxies/x509up_u128040
timeleft  : 11:59:01
key usage : Digital Signature, Key Encipherment
=== VO cms extension information ===
VO        : cms
subject   : /DC=ch/DC=cern/OU=Organic Units/OU=Users/CN=shdutta/CN=842253/CN=Shubham Dutta
issuer    : /DC=ch/DC=cern/OU=computers/CN=voms2.cern.ch
attribute : /cms/Role=NULL/Capability=NULL
timeleft  : 11:59:01
uri       : voms2.cern.ch:15002


b7g42n0173.cern.ch

Processing Reg.C...
==> Start TMVARegression

ERROR! Could not open root file ../CutTMVABarrel90_test.root
