000 (6762306.000.000) 11/25 21:29:01 Job submitted from host: <188.185.71.142:9618?addrs=188.185.71.142-9618+[2001-1458-d00-7--100-388]-9618&alias=bigbird09.cern.ch&noUDP&sock=schedd_1971_8541_66>
...
040 (6762306.000.000) 11/25 21:56:30 Started transferring input files
	Transferring to host: <188.184.190.70:9618?addrs=188.184.190.70-9618+[2001-1458-301-4b--100-2a]-9618&noUDP&sock=32760_222d_104351>
...
040 (6762306.000.000) 11/25 21:56:30 Finished transferring input files
...
001 (6762306.000.000) 11/25 21:56:31 Job executing on host: <188.184.190.70:9618?addrs=188.184.190.70-9618+[2001-1458-301-4b--100-2a]-9618&noUDP&sock=5714_e83e_3>
...
006 (6762306.000.000) 11/25 21:56:37 Image size of job updated: 44744
	0  -  MemoryUsage of job (MB)
	0  -  ResidentSetSize of job (KB)
...
040 (6762306.000.000) 11/25 21:56:37 Started transferring output files
...
040 (6762306.000.000) 11/25 21:56:37 Finished transferring output files
...
005 (6762306.000.000) 11/25 21:56:37 Job terminated.
	(1) Normal termination (return value 1)
		Usr 0 00:00:01, Sys 0 00:00:00  -  Run Remote Usage
		Usr 0 00:00:00, Sys 0 00:00:00  -  Run Local Usage
		Usr 0 00:00:01, Sys 0 00:00:00  -  Total Remote Usage
		Usr 0 00:00:00, Sys 0 00:00:00  -  Total Local Usage
	1942  -  Run Bytes Sent By Job
	6324  -  Run Bytes Received By Job
	1942  -  Total Bytes Sent By Job
	6324  -  Total Bytes Received By Job
	Partitionable Resources :    Usage  Request Allocated 
	   Cpus                 :        0        1         1 
	   Disk (KB)            :       35       10    283345 
	   Memory (MB)          :        0     2000      2000 
...
